Base path: C:/Program Files/Unity/Editor/Data
Pipe name: \\.\pipe\UnityShaderCompiler-64bit-1-9384
Cmd: getPlatforms
Cmd: preprocess
  insize=8687 outsize=2135 ok=1
Cmd: compileSnippet
  api=1 type=0 insize=6740 outsize=131 kw= pd= ok=1
Cmd: compileSnippet
  api=1 type=1 insize=6740 outsize=635 kw= pd= ok=1
Cmd: compileSnippet
  api=1 type=0 insize=6735 outsize=131 kw= pd= ok=1
Cmd: compileSnippet
  api=1 type=1 insize=6735 outsize=1408 kw= pd= ok=1
Cmd: compileSnippet
  api=1 type=0 insize=6735 outsize=131 kw= pd= ok=1
Cmd: compileSnippet
  api=1 type=1 insize=6735 outsize=413 kw= pd= ok=1
Cmd: compileSnippet
  api=1 type=0 insize=6735 outsize=131 kw= pd= ok=1
Cmd: compileSnippet
  api=1 type=1 insize=6735 outsize=413 kw= pd= ok=1
Cmd: compileSnippet
  api=1 type=0 insize=6737 outsize=131 kw= pd= ok=1
Cmd: compileSnippet
  api=1 type=1 insize=6737 outsize=746 kw= pd= ok=1
Cmd: compileSnippet
  api=1 type=0 insize=6737 outsize=131 kw= pd= ok=1
Cmd: compileSnippet
  api=1 type=1 insize=6737 outsize=412 kw= pd= ok=1
Cmd: compileSnippet
  api=1 type=0 insize=6746 outsize=131 kw= pd= ok=1
Cmd: compileSnippet
  api=1 type=1 insize=6746 outsize=456 kw= pd= ok=1
Cmd: compileSnippet
  api=1 type=0 insize=6751 outsize=131 kw= pd= ok=1
Cmd: compileSnippet
  api=1 type=1 insize=6751 outsize=375 kw= pd= ok=1
Cmd: compileSnippet
  api=1 type=0 insize=6744 outsize=131 kw= pd= ok=1
Cmd: compileSnippet
  api=1 type=1 insize=6744 outsize=172 kw= pd= ok=1
Cmd: compileSnippet
  api=1 type=0 insize=6742 outsize=131 kw= pd= ok=1
Cmd: compileSnippet
  api=1 type=1 insize=6742 outsize=558 kw= pd= ok=1
Cmd: compileSnippet
  api=1 type=0 insize=6749 outsize=131 kw= pd= ok=1
Cmd: compileSnippet
  api=1 type=1 insize=6749 outsize=646 kw= pd= ok=1
Cmd: preprocess
  insize=11308 outsize=700 ok=1
Cmd: compileSnippet
  api=1 type=0 insize=10823 outsize=131 kw= pd= ok=1
Cmd: compileSnippet
  api=1 type=1 insize=10823 outsize=422 kw= pd= ok=1
Cmd: compileSnippet
  api=1 type=0 insize=10846 outsize=157 kw= pd= ok=1
Cmd: compileSnippet
  api=1 type=1 insize=10846 outsize=2809 kw= pd= ok=1
Cmd: compileSnippet
  api=1 type=0 insize=10801 outsize=157 kw= pd= ok=1
Cmd: compileSnippet
  api=1 type=1 insize=10801 outsize=2850 kw= pd= ok=1
Cmd: preprocess
  insize=1305 outsize=357 ok=1
Cmd: compileSnippet
  api=1 type=0 insize=1250 outsize=246 kw= pd= ok=1
Cmd: compileSnippet
  api=1 type=1 insize=1250 outsize=185 kw= pd= ok=1
Cmd: preprocess
  insize=452 outsize=452 ok=1
Cmd: preprocess
  insize=1683 outsize=2324 ok=1
Cmd: preprocess
  insize=1137 outsize=433 ok=1
Cmd: compileSnippet
  api=1 type=0 insize=997 outsize=131 kw= pd= ok=1
Cmd: compileSnippet
  api=1 type=1 insize=997 outsize=131 kw= pd= ok=1
Cmd: compileSnippet
  api=1 type=0 insize=996 outsize=131 kw= pd= ok=1
Cmd: compileSnippet
  api=1 type=1 insize=996 outsize=129 kw= pd= ok=1
Cmd: preprocess
  insize=9910 outsize=837 ok=1
Cmd: compileSnippet
  api=1 type=0 insize=9266 outsize=360 kw= pd= ok=1
Cmd: compileSnippet
  api=1 type=1 insize=9266 outsize=954 kw= pd= ok=1
Cmd: compileSnippet
  api=1 type=0 insize=9270 outsize=459 kw= pd= ok=1
Cmd: compileSnippet
  api=1 type=1 insize=9270 outsize=1044 kw= pd= ok=1
Cmd: compileSnippet
  api=1 type=0 insize=9291 outsize=302 kw= pd= ok=1
Cmd: compileSnippet
  api=1 type=1 insize=9291 outsize=1239 kw= pd= ok=1
Cmd: compileSnippet
  api=1 type=0 insize=9286 outsize=302 kw= pd= ok=1
Cmd: compileSnippet
  api=1 type=1 insize=9286 outsize=1258 kw= pd= ok=1
Cmd: compileSnippet
  api=1 type=0 insize=9290 outsize=302 kw= pd= ok=1
Cmd: compileSnippet
  api=1 type=1 insize=9290 outsize=344 kw= pd= ok=1
Cmd: preprocess
  insize=1697 outsize=351 ok=1
Cmd: compileSnippet
  api=1 type=0 insize=1647 outsize=187 kw= pd= ok=1
Cmd: compileSnippet
  api=1 type=1 insize=1647 outsize=650 kw= pd= ok=1
Cmd: preprocess
  insize=898 outsize=350 ok=1
Cmd: compileSnippet
  api=1 type=0 insize=853 outsize=131 kw= pd= ok=1
Cmd: compileSnippet
  api=1 type=1 insize=853 outsize=316 kw= pd= ok=1
Cmd: preprocess
  insize=983 outsize=309 ok=1
Cmd: compileSnippet
  api=1 type=0 insize=979 outsize=131 kw= pd= ok=1
Cmd: compileSnippet
  api=1 type=1 insize=979 outsize=199 kw= pd= ok=1
Cmd: preprocess
  insize=1991 outsize=491 ok=1
Cmd: compileSnippet
  api=1 type=0 insize=1802 outsize=131 kw= pd= ok=1
Cmd: compileSnippet
  api=1 type=1 insize=1802 outsize=595 kw= pd= ok=1
Cmd: preprocess
  insize=1308 outsize=407 ok=1
Cmd: compileSnippet
  api=1 type=0 insize=1206 outsize=258 kw= pd= ok=1
Cmd: compileSnippet
  api=1 type=1 insize=1206 outsize=358 kw= pd= ok=1
Cmd: preprocess
  insize=3680 outsize=673 ok=1
Cmd: compileSnippet
  api=1 type=0 insize=3272 outsize=131 kw= pd= ok=1
Cmd: compileSnippet
  api=1 type=1 insize=3272 outsize=323 kw= pd= ok=1
Cmd: compileSnippet
  api=1 type=0 insize=3270 outsize=131 kw= pd= ok=1
Cmd: compileSnippet
  api=1 type=1 insize=3270 outsize=317 kw= pd= ok=1
Cmd: compileSnippet
  api=1 type=0 insize=3277 outsize=131 kw= pd= ok=1
Cmd: compileSnippet
  api=1 type=1 insize=3277 outsize=1811 kw= pd= ok=1
Cmd: preprocess
  insize=1518 outsize=2267 ok=1
Cmd: preprocess
  insize=1223 outsize=404 ok=1
Cmd: compileSnippet
  api=1 type=0 insize=1124 outsize=131 kw= pd= ok=1
Cmd: compileSnippet
  api=1 type=1 insize=1124 outsize=595 kw= pd= ok=1
Cmd: preprocess
  insize=6790 outsize=827 ok=1
Cmd: compileSnippet
  api=1 type=0 insize=2022 outsize=208 kw= pd= ok=1
Cmd: compileSnippet
  api=1 type=1 insize=2022 outsize=4212 kw= pd= ok=1
Cmd: compileSnippet
  api=1 type=0 insize=2292 outsize=208 kw= pd= ok=1
Cmd: compileSnippet
  api=1 type=1 insize=2292 outsize=7052 kw= pd= ok=1
Cmd: compileSnippet
  api=1 type=0 insize=2810 outsize=208 kw= pd= ok=1
Cmd: compileSnippet
  api=1 type=1 insize=2810 outsize=12783 kw= pd= ok=1
Cmd: compileSnippet
  error: 1 plat 1 at (228): 's': loop control variable conflicts with a previous declaration in the outer scope; most recent declaration will be used\nCompiling Vertex program
  api=1 type=0 insize=3114 outsize=170 kw= pd= ok=1
Cmd: compileSnippet
  error: 1 plat 1 at (228): 's': loop control variable conflicts with a previous declaration in the outer scope; most recent declaration will be used\nCompiling Fragment program
  api=1 type=1 insize=3114 outsize=1254 kw= pd= ok=1
Cmd: compileSnippet
  api=1 type=0 insize=2017 outsize=146 kw= pd= ok=1
Cmd: compileSnippet
  api=1 type=1 insize=2017 outsize=151 kw= pd= ok=1
Cmd: preprocess
  insize=2912 outsize=891 ok=1
Cmd: compileSnippet
  api=1 type=0 insize=2322 outsize=196 kw=_TEX_OFF _COLOR_OFF pd= ok=1
Cmd: compileSnippet
  api=1 type=1 insize=2322 outsize=86 kw=_TEX_OFF _COLOR_OFF pd= ok=1
Cmd: preprocess
  insize=1157 outsize=308 ok=1
Cmd: compileSnippet
  api=1 type=0 insize=1154 outsize=346 kw= pd= ok=1
Cmd: compileSnippet
  api=1 type=1 insize=1154 outsize=222 kw= pd= ok=1
Cmd: preprocess
  insize=1097 outsize=1052 ok=1
Cmd: compileSnippet
  api=1 type=0 insize=6928 outsize=523 kw=DIRECTIONAL SHADOWS_OFF LIGHTMAP_OFF DIRLIGHTMAP_OFF DYNAMICLIGHTMAP_OFF pd= ok=1
Cmd: compileSnippet
  api=1 type=1 insize=6928 outsize=322 kw=DIRECTIONAL SHADOWS_OFF LIGHTMAP_OFF DIRLIGHTMAP_OFF DYNAMICLIGHTMAP_OFF pd= ok=1
Cmd: compileSnippet
  api=1 type=0 insize=3980 outsize=339 kw=POINT pd= ok=1
Cmd: compileSnippet
  api=1 type=1 insize=3980 outsize=503 kw=POINT pd= ok=1
Cmd: compileSnippet
  api=1 type=0 insize=3447 outsize=414 kw= pd= ok=1
Cmd: compileSnippet
  api=1 type=1 insize=3447 outsize=360 kw= pd= ok=1
Cmd: preprocess
  insize=2527 outsize=790 ok=1
Cmd: compileSnippet
  api=1 type=0 insize=1999 outsize=258 kw= pd= ok=1
Cmd: compileSnippet
  api=1 type=1 insize=1999 outsize=201 kw= pd= ok=1
Cmd: compileSnippet
  api=1 type=0 insize=1996 outsize=258 kw= pd= ok=1
Cmd: compileSnippet
  api=1 type=1 insize=1996 outsize=121 kw= pd= ok=1
Cmd: compileSnippet
  api=1 type=0 insize=2009 outsize=252 kw= pd= ok=1
Cmd: compileSnippet
  api=1 type=1 insize=2009 outsize=240 kw= pd= ok=1
Cmd: compileSnippet
  api=1 type=0 insize=2008 outsize=258 kw= pd= ok=1
Cmd: compileSnippet
  api=1 type=1 insize=2008 outsize=105 kw= pd= ok=1
Cmd: preprocess
  insize=940 outsize=295 ok=1
Cmd: compileSnippet
  api=1 type=0 insize=950 outsize=131 kw= pd= ok=1
Cmd: compileSnippet
  api=1 type=1 insize=950 outsize=224 kw= pd= ok=1
Cmd: preprocess
  insize=1379 outsize=387 ok=1
Cmd: compileSnippet
  api=1 type=0 insize=1294 outsize=214 kw= pd= ok=1
Cmd: compileSnippet
  api=1 type=1 insize=1294 outsize=264 kw= pd= ok=1
Cmd: preprocess
  insize=1431 outsize=348 ok=1
Cmd: compileSnippet
  api=1 type=0 insize=1389 outsize=323 kw= pd= ok=1
Cmd: compileSnippet
  api=1 type=1 insize=1389 outsize=351 kw= pd= ok=1
Cmd: preprocess
  insize=1230 outsize=267 ok=1
Cmd: compileSnippet
  api=1 type=0 insize=1268 outsize=327 kw= pd= ok=1
Cmd: compileSnippet
  api=1 type=1 insize=1268 outsize=252 kw= pd= ok=1
Cmd: preprocess
  insize=1406 outsize=348 ok=1
Cmd: compileSnippet
  api=1 type=0 insize=1360 outsize=187 kw= pd= ok=1
Cmd: compileSnippet
  api=1 type=1 insize=1360 outsize=273 kw= pd= ok=1
Cmd: preprocess
  insize=1256 outsize=322 ok=1
Cmd: compileSnippet
  api=1 type=0 insize=1239 outsize=258 kw= pd= ok=1
Cmd: compileSnippet
  api=1 type=1 insize=1239 outsize=316 kw= pd= ok=1
Cmd: preprocess
  insize=2328 outsize=648 ok=1
Cmd: compileSnippet
  api=1 type=0 insize=1986 outsize=288 kw= pd= ok=1
Cmd: compileSnippet
  api=1 type=1 insize=1986 outsize=935 kw= pd= ok=1
Cmd: preprocess
  insize=954 outsize=269 ok=1
Cmd: compileSnippet
  api=1 type=0 insize=985 outsize=136 kw= pd= ok=1
Cmd: compileSnippet
  api=1 type=1 insize=985 outsize=310 kw= pd= ok=1
Cmd: preprocess
  insize=674 outsize=320 ok=1
Cmd: compileSnippet
  api=1 type=0 insize=654 outsize=131 kw= pd= ok=1
Cmd: compileSnippet
  api=1 type=1 insize=654 outsize=247 kw= pd= ok=1
Cmd: preprocess
  insize=6423 outsize=1035 ok=1
Cmd: compileSnippet
  api=1 type=0 insize=5604 outsize=258 kw= pd= ok=1
Cmd: compileSnippet
  api=1 type=1 insize=5604 outsize=124 kw= pd= ok=1
Cmd: compileSnippet
  api=1 type=0 insize=5612 outsize=249 kw= pd= ok=1
Cmd: compileSnippet
  api=1 type=1 insize=5612 outsize=318 kw= pd= ok=1
Cmd: compileSnippet
  api=1 type=0 insize=5616 outsize=271 kw= pd= ok=1
Cmd: compileSnippet
  api=1 type=1 insize=5616 outsize=738 kw= pd= ok=1
Cmd: compileSnippet
  api=1 type=0 insize=5617 outsize=271 kw= pd= ok=1
Cmd: compileSnippet
  api=1 type=1 insize=5617 outsize=738 kw= pd= ok=1
Cmd: compileSnippet
  api=1 type=0 insize=5621 outsize=371 kw= pd= ok=1
Cmd: compileSnippet
  api=1 type=1 insize=5621 outsize=661 kw= pd= ok=1
Cmd: compileSnippet
  api=1 type=0 insize=5622 outsize=381 kw= pd= ok=1
Cmd: compileSnippet
  api=1 type=1 insize=5622 outsize=661 kw= pd= ok=1
Cmd: preprocess
  insize=33400 outsize=269 ok=1
Cmd: compileSnippet
  api=1 type=0 insize=33432 outsize=157 kw= pd= ok=1
Cmd: compileSnippet
  api=1 type=1 insize=33432 outsize=4072 kw= pd= ok=1
Cmd: preprocess
  insize=1219 outsize=261 ok=1
Cmd: compileSnippet
  api=1 type=0 insize=1260 outsize=178 kw= pd= ok=1
Cmd: compileSnippet
  api=1 type=1 insize=1260 outsize=619 kw= pd= ok=1
Cmd: preprocess
  insize=4488 outsize=535 ok=1
Cmd: compileSnippet
  api=1 type=0 insize=4132 outsize=464 kw= pd= ok=1
Cmd: compileSnippet
  api=1 type=1 insize=4132 outsize=1235 kw= pd= ok=1
Cmd: compileSnippet
  api=1 type=0 insize=4133 outsize=464 kw= pd= ok=1
Cmd: compileSnippet
  api=1 type=1 insize=4133 outsize=849 kw= pd= ok=1
Cmd: compileSnippet
  api=1 type=0 insize=4133 outsize=464 kw= pd= ok=1
Cmd: compileSnippet
  api=1 type=1 insize=4133 outsize=1053 kw= pd= ok=1
Cmd: preprocess
  insize=2053 outsize=1298 ok=1
Cmd: compileSnippet
  api=1 type=0 insize=1057 outsize=206 kw= pd= ok=1
Cmd: compileSnippet
  api=1 type=1 insize=1057 outsize=23 kw= pd= ok=1
Cmd: preprocess
  insize=1050 outsize=267 ok=1
Cmd: compileSnippet
  api=1 type=0 insize=1084 outsize=264 kw= pd= ok=1
Cmd: compileSnippet
  api=1 type=1 insize=1084 outsize=193 kw= pd= ok=1
Cmd: preprocess
  insize=4990 outsize=1857 ok=1
Cmd: compileSnippet
  api=1 type=0 insize=3309 outsize=258 kw= pd= ok=1
Cmd: compileSnippet
  api=1 type=1 insize=3309 outsize=207 kw= pd= ok=1
Cmd: compileSnippet
  api=1 type=0 insize=3306 outsize=258 kw= pd= ok=1
Cmd: compileSnippet
  api=1 type=1 insize=3306 outsize=127 kw= pd= ok=1
Cmd: compileSnippet
  api=1 type=0 insize=3322 outsize=267 kw= pd= ok=1
Cmd: compileSnippet
  api=1 type=1 insize=3322 outsize=255 kw= pd= ok=1
Cmd: compileSnippet
  api=1 type=0 insize=3314 outsize=258 kw= pd= ok=1
Cmd: compileSnippet
  api=1 type=1 insize=3314 outsize=105 kw= pd= ok=1
Cmd: compileSnippet
  api=1 type=0 insize=3314 outsize=258 kw= pd= ok=1
Cmd: compileSnippet
  api=1 type=1 insize=3314 outsize=207 kw= pd= ok=1
Cmd: compileSnippet
  api=1 type=0 insize=3311 outsize=258 kw= pd= ok=1
Cmd: compileSnippet
  api=1 type=1 insize=3311 outsize=127 kw= pd= ok=1
Cmd: compileSnippet
  api=1 type=0 insize=3323 outsize=267 kw= pd= ok=1
Cmd: compileSnippet
  api=1 type=1 insize=3323 outsize=240 kw= pd= ok=1
Cmd: compileSnippet
  api=1 type=0 insize=3316 outsize=258 kw= pd= ok=1
Cmd: compileSnippet
  api=1 type=1 insize=3316 outsize=120 kw= pd= ok=1
Cmd: compileSnippet
  api=1 type=0 insize=3308 outsize=258 kw= pd= ok=1
Cmd: compileSnippet
  api=1 type=1 insize=3308 outsize=58 kw= pd= ok=1
Cmd: compileSnippet
  api=1 type=0 insize=3312 outsize=258 kw= pd= ok=1
Cmd: compileSnippet
  api=1 type=1 insize=3312 outsize=83 kw= pd= ok=1
Cmd: compileSnippet
  api=1 type=0 insize=3307 outsize=258 kw= pd= ok=1
Cmd: compileSnippet
  api=1 type=1 insize=3307 outsize=63 kw= pd= ok=1
Cmd: preprocess
  insize=13303 outsize=1949 ok=1
Cmd: compileSnippet
  api=1 type=0 insize=11500 outsize=157 kw= pd= ok=1
Cmd: compileSnippet
  api=1 type=1 insize=11500 outsize=628 kw= pd= ok=1
Cmd: compileSnippet
  api=1 type=0 insize=11491 outsize=157 kw= pd= ok=1
Cmd: compileSnippet
  api=1 type=1 insize=11491 outsize=140 kw= pd= ok=1
Cmd: compileSnippet
  api=1 type=0 insize=11493 outsize=157 kw= pd= ok=1
Cmd: compileSnippet
  api=1 type=1 insize=11493 outsize=675 kw= pd= ok=1
Cmd: compileSnippet
  api=1 type=0 insize=11498 outsize=157 kw= pd= ok=1
Cmd: compileSnippet
  api=1 type=1 insize=11498 outsize=1013 kw= pd= ok=1
Cmd: compileSnippet
  api=1 type=0 insize=11508 outsize=157 kw= pd= ok=1
Cmd: compileSnippet
  api=1 type=1 insize=11508 outsize=1939 kw= pd= ok=1
Cmd: compileSnippet
  api=1 type=0 insize=11494 outsize=157 kw= pd= ok=1
Cmd: compileSnippet
  api=1 type=1 insize=11494 outsize=376 kw= pd= ok=1
Cmd: compileSnippet
  api=1 type=0 insize=11500 outsize=157 kw= pd= ok=1
Cmd: compileSnippet
  api=1 type=1 insize=11500 outsize=927 kw= pd= ok=1
Cmd: compileSnippet
  api=1 type=0 insize=11506 outsize=157 kw= pd= ok=1
Cmd: compileSnippet
  api=1 type=1 insize=11506 outsize=2941 kw= pd= ok=1
Cmd: preprocess
  insize=1021 outsize=353 ok=1
Cmd: compileSnippet
  api=1 type=0 insize=973 outsize=131 kw= pd= ok=1
Cmd: compileSnippet
  api=1 type=1 insize=973 outsize=294 kw= pd= ok=1
Cmd: preprocess
  insize=6260 outsize=773 ok=1
Cmd: preprocess
  insize=2823 outsize=802 ok=1
Cmd: compileSnippet
  api=1 type=0 insize=2282 outsize=305 kw= pd= ok=1
Cmd: compileSnippet
  api=1 type=1 insize=2282 outsize=121 kw= pd= ok=1
Cmd: compileSnippet
  api=1 type=0 insize=2282 outsize=305 kw= pd= ok=1
Cmd: compileSnippet
  api=1 type=1 insize=2282 outsize=198 kw= pd= ok=1
Cmd: compileSnippet
  api=1 type=0 insize=2286 outsize=305 kw= pd= ok=1
Cmd: compileSnippet
  api=1 type=1 insize=2286 outsize=135 kw= pd= ok=1
Cmd: compileSnippet
  api=1 type=0 insize=2285 outsize=305 kw= pd= ok=1
Cmd: compileSnippet
  api=1 type=1 insize=2285 outsize=408 kw= pd= ok=1
Cmd: compileSnippet
  api=1 type=0 insize=2288 outsize=305 kw= pd= ok=1
Cmd: compileSnippet
  api=1 type=1 insize=2288 outsize=145 kw= pd= ok=1
Cmd: preprocess
  insize=11175 outsize=2600 ok=1
Cmd: compileSnippet
  api=1 type=0 insize=8777 outsize=302 kw= pd= ok=1
Cmd: compileSnippet
  api=1 type=1 insize=8777 outsize=1589 kw= pd= ok=1
Cmd: compileSnippet
  api=1 type=0 insize=8782 outsize=302 kw= pd= ok=1
Cmd: compileSnippet
  api=1 type=1 insize=8782 outsize=1011 kw= pd= ok=1
Cmd: compileSnippet
  api=1 type=0 insize=8781 outsize=302 kw= pd= ok=1
Cmd: compileSnippet
  api=1 type=1 insize=8781 outsize=119 kw= pd= ok=1
Cmd: compileSnippet
  api=1 type=0 insize=8785 outsize=302 kw= pd= ok=1
Cmd: compileSnippet
  api=1 type=1 insize=8785 outsize=424 kw= pd= ok=1
Cmd: compileSnippet
  api=1 type=0 insize=8784 outsize=302 kw= pd= ok=1
Cmd: compileSnippet
  api=1 type=1 insize=8784 outsize=314 kw= pd= ok=1
Cmd: preprocess
  insize=2593 outsize=1205 ok=1
Cmd: compileSnippet
  api=1 type=0 insize=1690 outsize=301 kw= pd= ok=1
Cmd: compileSnippet
  api=1 type=1 insize=1690 outsize=315 kw= pd= ok=1
Cmd: preprocess
  insize=12909 outsize=2439 ok=1
Cmd: compileSnippet
  api=1 type=0 insize=10499 outsize=131 kw= pd= ok=1
Cmd: compileSnippet
  api=1 type=1 insize=10499 outsize=197 kw= pd= ok=1
Cmd: compileSnippet
  api=1 type=0 insize=10498 outsize=131 kw= pd= ok=1
Cmd: compileSnippet
  api=1 type=1 insize=10498 outsize=383 kw= pd= ok=1
Cmd: compileSnippet
  api=1 type=0 insize=10498 outsize=131 kw= pd= ok=1
Cmd: compileSnippet
  api=1 type=1 insize=10498 outsize=367 kw= pd= ok=1
Cmd: compileSnippet
  api=1 type=0 insize=10480 outsize=131 kw= pd= ok=1
Cmd: compileSnippet
  api=1 type=1 insize=10480 outsize=251 kw= pd= ok=1
Cmd: compileSnippet
  api=1 type=0 insize=10499 outsize=131 kw= pd= ok=1
Cmd: compileSnippet
  api=1 type=1 insize=10499 outsize=267 kw= pd= ok=1
Cmd: compileSnippet
  api=1 type=0 insize=10480 outsize=131 kw= pd= ok=1
Cmd: compileSnippet
  api=1 type=1 insize=10480 outsize=342 kw= pd= ok=1
Cmd: compileSnippet
  api=1 type=0 insize=10525 outsize=208 kw= pd= ok=1
Cmd: compileSnippet
  api=1 type=1 insize=10525 outsize=469 kw= pd= ok=1
Cmd: compileSnippet
  api=1 type=0 insize=10479 outsize=131 kw= pd= ok=1
Cmd: compileSnippet
  api=1 type=1 insize=10479 outsize=58 kw= pd= ok=1
Cmd: compileSnippet
  api=1 type=0 insize=10483 outsize=131 kw= pd= ok=1
Cmd: compileSnippet
  api=1 type=1 insize=10483 outsize=66 kw= pd= ok=1
Cmd: compileSnippet
  api=1 type=0 insize=10505 outsize=457 kw= pd= ok=1
Cmd: compileSnippet
  api=1 type=1 insize=10505 outsize=1155 kw= pd= ok=1
Cmd: compileSnippet
  api=1 type=0 insize=10499 outsize=457 kw= pd= ok=1
Cmd: compileSnippet
  api=1 type=1 insize=10499 outsize=1251 kw= pd= ok=1
Cmd: compileSnippet
  api=1 type=0 insize=10505 outsize=457 kw= pd= ok=1
Cmd: compileSnippet
  api=1 type=1 insize=10505 outsize=1155 kw= pd= ok=1
Cmd: preprocess
  insize=2006 outsize=463 ok=1
Cmd: compileSnippet
  api=1 type=0 insize=1813 outsize=131 kw= pd= ok=1
Cmd: compileSnippet
  api=1 type=1 insize=1813 outsize=464 kw= pd= ok=1
Cmd: compileSnippet
  api=1 type=0 insize=1826 outsize=131 kw= pd= ok=1
Cmd: compileSnippet
  api=1 type=1 insize=1826 outsize=675 kw= pd= ok=1
Cmd: preprocess
  insize=1423 outsize=670 ok=1
Cmd: compileSnippet
  api=1 type=0 insize=1059 outsize=375 kw= pd= ok=1
Cmd: compileSnippet
  api=1 type=1 insize=1059 outsize=30 kw= pd= ok=1
Cmd: preprocess
  insize=1599 outsize=295 ok=1
Cmd: compileSnippet
  api=1 type=0 insize=1609 outsize=331 kw= pd= ok=1
Cmd: compileSnippet
  api=1 type=1 insize=1609 outsize=681 kw= pd= ok=1
Cmd: preprocess
  insize=24901 outsize=4335 ok=1
Cmd: compileSnippet
  api=1 type=0 insize=19789 outsize=302 kw= pd= ok=1
Cmd: compileSnippet
  api=1 type=1 insize=19789 outsize=302 kw= pd= ok=1
Cmd: compileSnippet
  api=1 type=0 insize=19795 outsize=639 kw= pd= ok=1
Cmd: compileSnippet
  api=1 type=1 insize=19795 outsize=1189 kw= pd= ok=1
Cmd: compileSnippet
  api=1 type=0 insize=19798 outsize=639 kw= pd= ok=1
Cmd: compileSnippet
  api=1 type=1 insize=19798 outsize=2560 kw= pd= ok=1
Cmd: compileSnippet
  api=1 type=0 insize=19777 outsize=302 kw= pd= ok=1
Cmd: compileSnippet
  api=1 type=1 insize=19777 outsize=56 kw= pd= ok=1
Cmd: compileSnippet
  api=1 type=0 insize=19793 outsize=302 kw= pd= ok=1
Cmd: compileSnippet
  api=1 type=1 insize=19793 outsize=298 kw= pd= ok=1
Cmd: compileSnippet
  api=1 type=0 insize=19780 outsize=302 kw= pd= ok=1
Cmd: compileSnippet
  api=1 type=1 insize=19780 outsize=735 kw= pd= ok=1
Cmd: compileSnippet
  api=1 type=0 insize=19791 outsize=302 kw= pd= ok=1
Cmd: compileSnippet
  api=1 type=1 insize=19791 outsize=577 kw= pd= ok=1
Cmd: compileSnippet
  api=1 type=0 insize=19787 outsize=302 kw= pd= ok=1
Cmd: compileSnippet
  api=1 type=1 insize=19787 outsize=137 kw= pd= ok=1
Cmd: compileSnippet
  api=1 type=0 insize=19797 outsize=302 kw= pd= ok=1
Cmd: compileSnippet
  api=1 type=1 insize=19797 outsize=306 kw= pd= ok=1
Cmd: compileSnippet
  api=1 type=0 insize=19790 outsize=302 kw= pd= ok=1
Cmd: compileSnippet
  api=1 type=1 insize=19790 outsize=251 kw= pd= ok=1
Cmd: compileSnippet
  api=1 type=0 insize=19797 outsize=302 kw= pd= ok=1
Cmd: compileSnippet
  api=1 type=1 insize=19797 outsize=426 kw= pd= ok=1
Cmd: compileSnippet
  api=1 type=0 insize=19785 outsize=302 kw= pd= ok=1
Cmd: compileSnippet
  api=1 type=1 insize=19785 outsize=8586 kw= pd= ok=1
Cmd: compileSnippet
  api=1 type=0 insize=19794 outsize=302 kw= pd= ok=1
Cmd: compileSnippet
  api=1 type=1 insize=19794 outsize=3866 kw= pd= ok=1
Cmd: compileSnippet
  api=1 type=0 insize=19781 outsize=302 kw= pd= ok=1
Cmd: compileSnippet
  api=1 type=1 insize=19781 outsize=349 kw= pd= ok=1
Cmd: compileSnippet
  api=1 type=0 insize=19795 outsize=302 kw= pd= ok=1
Cmd: compileSnippet
  api=1 type=1 insize=19795 outsize=208 kw= pd= ok=1
Cmd: compileSnippet
  api=1 type=0 insize=19786 outsize=302 kw= pd= ok=1
Cmd: compileSnippet
  api=1 type=1 insize=19786 outsize=291 kw= pd= ok=1
Cmd: compileSnippet
  api=1 type=0 insize=19781 outsize=302 kw= pd= ok=1
Cmd: compileSnippet
  api=1 type=1 insize=19781 outsize=129 kw= pd= ok=1
Cmd: compileSnippet
  api=1 type=0 insize=19785 outsize=302 kw= pd= ok=1
Cmd: compileSnippet
  api=1 type=1 insize=19785 outsize=12827 kw= pd= ok=1
Cmd: compileSnippet
  api=1 type=0 insize=19794 outsize=302 kw= pd= ok=1
Cmd: compileSnippet
  api=1 type=1 insize=19794 outsize=8284 kw= pd= ok=1
Cmd: compileSnippet
  api=1 type=0 insize=19803 outsize=639 kw= pd= ok=1
Cmd: compileSnippet
  api=1 type=1 insize=19803 outsize=1562 kw= pd= ok=1
Cmd: compileSnippet
  api=1 type=0 insize=19782 outsize=302 kw= pd= ok=1
Cmd: compileSnippet
  api=1 type=1 insize=19782 outsize=118 kw= pd= ok=1
Cmd: compileSnippet
  api=1 type=0 insize=19784 outsize=316 kw= pd= ok=1
Cmd: compileSnippet
  api=1 type=1 insize=19784 outsize=735 kw= pd= ok=1
Cmd: compileSnippet
  api=1 type=0 insize=19800 outsize=302 kw= pd= ok=1
Cmd: compileSnippet
  api=1 type=1 insize=19800 outsize=56 kw= pd= ok=1
Cmd: preprocess
  insize=4094 outsize=562 ok=1
Cmd: compileSnippet
  api=1 type=0 insize=3828 outsize=358 kw= pd= ok=1
Cmd: compileSnippet
  api=1 type=1 insize=3828 outsize=897 kw= pd= ok=1
Cmd: compileSnippet
  api=1 type=0 insize=3840 outsize=358 kw= pd= ok=1
Cmd: compileSnippet
  api=1 type=1 insize=3840 outsize=335 kw= pd= ok=1
Cmd: compileSnippet
  api=1 type=0 insize=3831 outsize=358 kw= pd= ok=1
Cmd: compileSnippet
  api=1 type=1 insize=3831 outsize=687 kw= pd= ok=1
Cmd: preprocess
  insize=1760 outsize=300 ok=1
Cmd: compileSnippet
  api=1 type=0 insize=1762 outsize=297 kw= pd= ok=1
Cmd: compileSnippet
  api=1 type=1 insize=1762 outsize=1623 kw= pd= ok=1
Cmd: preprocess
  insize=1026 outsize=355 ok=1
Cmd: compileSnippet
  api=1 type=0 insize=973 outsize=131 kw= pd= ok=1
Cmd: compileSnippet
  api=1 type=1 insize=973 outsize=307 kw= pd= ok=1
Cmd: preprocess
  insize=1156 outsize=431 ok=1
Cmd: compileSnippet
  api=1 type=0 insize=994 outsize=157 kw= pd= ok=1
Cmd: compileSnippet
  api=1 type=1 insize=994 outsize=159 kw= pd= ok=1
Cmd: compileSnippet
  api=1 type=0 insize=1000 outsize=157 kw= pd= ok=1
Cmd: compileSnippet
  api=1 type=1 insize=1000 outsize=253 kw= pd= ok=1
Cmd: preprocess
  insize=711 outsize=266 ok=1
Cmd: compileSnippet
  api=1 type=0 insize=745 outsize=131 kw= pd= ok=1
Cmd: compileSnippet
  api=1 type=1 insize=745 outsize=199 kw= pd= ok=1
Cmd: preprocess
  insize=5806 outsize=894 ok=1
Cmd: compileSnippet
  api=1 type=0 insize=5079 outsize=291 kw= pd= ok=1
Cmd: compileSnippet
  api=1 type=1 insize=5079 outsize=654 kw= pd= ok=1
Cmd: compileSnippet
  api=1 type=0 insize=5081 outsize=291 kw= pd= ok=1
Cmd: compileSnippet
  api=1 type=1 insize=5081 outsize=431 kw= pd= ok=1
Cmd: compileSnippet
  api=1 type=0 insize=5085 outsize=291 kw= pd= ok=1
Cmd: compileSnippet
  api=1 type=1 insize=5085 outsize=460 kw= pd= ok=1
Cmd: compileSnippet
  api=1 type=0 insize=5094 outsize=131 kw= pd= ok=1
Cmd: compileSnippet
  api=1 type=1 insize=5094 outsize=190 kw= pd= ok=1
Cmd: compileSnippet
  api=1 type=0 insize=5075 outsize=291 kw= pd= ok=1
Cmd: compileSnippet
  api=1 type=1 insize=5075 outsize=654 kw= pd= ok=1
Cmd: preprocess
  insize=5373 outsize=778 ok=1
Cmd: compileSnippet
  api=1 type=0 insize=4746 outsize=131 kw= pd= ok=1
Cmd: compileSnippet
  api=1 type=1 insize=4746 outsize=360 kw= pd= ok=1
Cmd: compileSnippet
  api=1 type=0 insize=4750 outsize=363 kw= pd= ok=1
Cmd: compileSnippet
  api=1 type=1 insize=4750 outsize=372 kw= pd= ok=1
Cmd: compileSnippet
  api=1 type=0 insize=4760 outsize=341 kw= pd= ok=1
Cmd: compileSnippet
  api=1 type=1 insize=4760 outsize=711 kw= pd= ok=1
Cmd: compileSnippet
  api=1 type=0 insize=4755 outsize=341 kw= pd= ok=1
Cmd: compileSnippet
  api=1 type=1 insize=4755 outsize=648 kw= pd= ok=1
Cmd: compileSnippet
  api=1 type=0 insize=4761 outsize=327 kw= pd= ok=1
Cmd: compileSnippet
  api=1 type=1 insize=4761 outsize=681 kw= pd= ok=1
Cmd: preprocess
  insize=555 outsize=363 ok=1
Cmd: compileSnippet
  api=1 type=0 insize=494 outsize=131 kw= pd= ok=1
Cmd: compileSnippet
  api=1 type=1 insize=494 outsize=343 kw= pd= ok=1
Cmd: preprocess
  insize=6723 outsize=952 ok=1
Cmd: compileSnippet
  api=1 type=0 insize=5805 outsize=302 kw= pd= ok=1
Cmd: compileSnippet
  api=1 type=1 insize=5805 outsize=120 kw= pd= ok=1
Cmd: compileSnippet
  api=1 type=0 insize=5804 outsize=302 kw= pd= ok=1
Cmd: compileSnippet
  api=1 type=1 insize=5804 outsize=142 kw= pd= ok=1
Cmd: compileSnippet
  api=1 type=0 insize=5798 outsize=302 kw= pd= ok=1
Cmd: compileSnippet
  api=1 type=1 insize=5798 outsize=2563 kw= pd= ok=1
Cmd: compileSnippet
  api=1 type=0 insize=5797 outsize=302 kw= pd= ok=1
Cmd: compileSnippet
  api=1 type=1 insize=5797 outsize=2605 kw= pd= ok=1
Cmd: compileSnippet
  api=1 type=0 insize=5800 outsize=302 kw= pd= ok=1
Cmd: compileSnippet
  api=1 type=1 insize=5800 outsize=4827 kw= pd= ok=1
Cmd: compileSnippet
  api=1 type=0 insize=5799 outsize=302 kw= pd= ok=1
Cmd: compileSnippet
  api=1 type=1 insize=5799 outsize=4893 kw= pd= ok=1
Cmd: compileSnippet
  api=1 type=0 insize=5801 outsize=302 kw= pd= ok=1
Cmd: compileSnippet
  api=1 type=1 insize=5801 outsize=158 kw= pd= ok=1
Cmd: preprocess
  insize=1367 outsize=391 ok=1
Cmd: compileSnippet
  api=1 type=0 insize=1277 outsize=246 kw= pd= ok=1
Cmd: compileSnippet
  api=1 type=1 insize=1277 outsize=185 kw= pd= ok=1
Cmd: preprocess
  insize=33409 outsize=270 ok=1
Cmd: compileSnippet
  api=1 type=0 insize=33441 outsize=157 kw= pd= ok=1
Cmd: compileSnippet
  api=1 type=1 insize=33441 outsize=4046 kw= pd= ok=1
Cmd: preprocess
  insize=5347 outsize=1767 ok=1
Cmd: compileSnippet
  api=1 type=0 insize=3883 outsize=390 kw= pd= ok=1
Cmd: compileSnippet
  api=1 type=1 insize=3883 outsize=2838 kw= pd= ok=1
Cmd: preprocess
  insize=6924 outsize=251 ok=1
Cmd: compileSnippet
  api=1 type=0 insize=6975 outsize=281 kw= pd= ok=1
Cmd: compileSnippet
  api=1 type=1 insize=6975 outsize=1675 kw= pd= ok=1
Cmd: preprocess
  insize=4458 outsize=444 ok=1
Cmd: compileSnippet
  api=1 type=0 insize=4261 outsize=558 kw= pd= ok=1
Cmd: compileSnippet
  api=1 type=1 insize=4261 outsize=2455 kw= pd= ok=1
Cmd: compileSnippet
  api=1 type=0 insize=4266 outsize=558 kw= pd= ok=1
Cmd: compileSnippet
  api=1 type=1 insize=4266 outsize=2166 kw= pd= ok=1
Cmd: preprocess
  insize=4830 outsize=932 ok=1
Cmd: compileSnippet
  api=1 type=0 insize=4100 outsize=258 kw= pd= ok=1
Cmd: compileSnippet
  api=1 type=1 insize=4100 outsize=205 kw= pd= ok=1
Cmd: compileSnippet
  api=1 type=0 insize=4108 outsize=169 kw= pd= ok=1
Cmd: compileSnippet
  api=1 type=1 insize=4108 outsize=416 kw= pd= ok=1
Cmd: compileSnippet
  api=1 type=0 insize=4100 outsize=258 kw= pd= ok=1
Cmd: compileSnippet
  api=1 type=1 insize=4100 outsize=429 kw= pd= ok=1
Cmd: compileSnippet
  api=1 type=0 insize=4102 outsize=258 kw= pd= ok=1
Cmd: compileSnippet
  api=1 type=1 insize=4102 outsize=640 kw= pd= ok=1
Cmd: compileSnippet
  api=1 type=0 insize=4097 outsize=258 kw= pd= ok=1
Cmd: compileSnippet
  api=1 type=1 insize=4097 outsize=143 kw= pd= ok=1
Cmd: preprocess
  insize=1373 outsize=404 ok=1
Cmd: compileSnippet
  api=1 type=0 insize=1271 outsize=212 kw= pd= ok=1
Cmd: compileSnippet
  api=1 type=1 insize=1271 outsize=162 kw= pd= ok=1
Cmd: preprocess
  insize=5974 outsize=1284 ok=1
Cmd: preprocess
  insize=770 outsize=305 ok=1
Cmd: compileSnippet
  api=1 type=0 insize=767 outsize=131 kw= pd= ok=1
Cmd: compileSnippet
  api=1 type=1 insize=767 outsize=79 kw= pd= ok=1
Cmd: preprocess
  insize=692 outsize=317 ok=1
Cmd: compileSnippet
  api=1 type=0 insize=675 outsize=131 kw= pd= ok=1
Cmd: compileSnippet
  api=1 type=1 insize=675 outsize=391 kw= pd= ok=1
Cmd: preprocess
  insize=3850 outsize=664 ok=1
Cmd: compileSnippet
  api=1 type=0 insize=3383 outsize=131 kw= pd= ok=1
Cmd: compileSnippet
  api=1 type=1 insize=3383 outsize=255 kw= pd= ok=1
Cmd: compileSnippet
  api=1 type=0 insize=3390 outsize=363 kw= pd= ok=1
Cmd: compileSnippet
  api=1 type=1 insize=3390 outsize=372 kw= pd= ok=1
Cmd: compileSnippet
  api=1 type=0 insize=3399 outsize=331 kw= pd= ok=1
Cmd: compileSnippet
  api=1 type=1 insize=3399 outsize=484 kw= pd= ok=1
Cmd: compileSnippet
  api=1 type=0 insize=3394 outsize=331 kw= pd= ok=1
Cmd: compileSnippet
  api=1 type=1 insize=3394 outsize=648 kw= pd= ok=1
Cmd: preprocess
  insize=851 outsize=294 ok=1
Cmd: compileSnippet
  api=1 type=0 insize=862 outsize=131 kw= pd= ok=1
Cmd: compileSnippet
  api=1 type=1 insize=862 outsize=182 kw= pd= ok=1
Cmd: preprocess
  insize=1331 outsize=291 ok=1
Cmd: compileSnippet
  api=1 type=0 insize=1345 outsize=291 kw= pd= ok=1
Cmd: compileSnippet
  api=1 type=1 insize=1345 outsize=494 kw= pd= ok=1
Cmd: preprocess
  insize=2135 outsize=1002 ok=1
Cmd: compileSnippet
  api=1 type=0 insize=892 outsize=144 kw= pd= ok=1
Cmd: compileSnippet
  api=1 type=1 insize=892 outsize=81 kw= pd= ok=1
Cmd: compileSnippet
  api=1 type=0 insize=846 outsize=144 kw= pd= ok=1
Cmd: compileSnippet
  api=1 type=1 insize=846 outsize=63 kw= pd= ok=1
Cmd: preprocess
  insize=5316 outsize=740 ok=1
Cmd: preprocess
  insize=1072 outsize=494 ok=1
Cmd: compileSnippet
  api=1 type=0 insize=880 outsize=169 kw= pd= ok=1
Cmd: compileSnippet
  api=1 type=1 insize=880 outsize=137 kw= pd= ok=1
Cmd: preprocess
  insize=1210 outsize=386 ok=1
Cmd: compileSnippet
  api=1 type=0 insize=1129 outsize=169 kw= pd= ok=1
Cmd: compileSnippet
  api=1 type=1 insize=1129 outsize=416 kw= pd= ok=1
Cmd: preprocess
  insize=553 outsize=259 ok=1
Cmd: compileSnippet
  api=1 type=0 insize=596 outsize=100 kw= pd= ok=1
Cmd: compileSnippet
  api=1 type=1 insize=596 outsize=58 kw= pd= ok=1
Cmd: preprocess
  insize=698 outsize=312 ok=1
Cmd: compileSnippet
  api=1 type=0 insize=691 outsize=131 kw= pd= ok=1
Cmd: compileSnippet
  api=1 type=1 insize=691 outsize=80 kw= pd= ok=1
Cmd: preprocess
  insize=5240 outsize=920 ok=1
Cmd: compileSnippet
  api=1 type=0 insize=4549 outsize=249 kw= pd= ok=1
Cmd: compileSnippet
  api=1 type=1 insize=4549 outsize=252 kw= pd= ok=1
Cmd: compileSnippet
  api=1 type=0 insize=4553 outsize=271 kw= pd= ok=1
Cmd: compileSnippet
  api=1 type=1 insize=4553 outsize=738 kw= pd= ok=1
Cmd: compileSnippet
  api=1 type=0 insize=4554 outsize=271 kw= pd= ok=1
Cmd: compileSnippet
  api=1 type=1 insize=4554 outsize=738 kw= pd= ok=1
Cmd: compileSnippet
  api=1 type=0 insize=4558 outsize=371 kw= pd= ok=1
Cmd: compileSnippet
  api=1 type=1 insize=4558 outsize=661 kw= pd= ok=1
Cmd: compileSnippet
  api=1 type=0 insize=4559 outsize=381 kw= pd= ok=1
Cmd: compileSnippet
  api=1 type=1 insize=4559 outsize=661 kw= pd= ok=1
Cmd: compileSnippet
  api=1 type=0 insize=751 outsize=814 kw=SHADOWS_DEPTH pd= ok=1
Cmd: compileSnippet
  api=1 type=1 insize=751 outsize=65 kw=SHADOWS_DEPTH pd= ok=1
Cmd: compileSnippet
  api=1 type=0 insize=982 outsize=1073 kw=DIRECTIONAL SHADOWS_OFF LIGHTMAP_OFF DIRLIGHTMAP_OFF DYNAMICLIGHTMAP_OFF _NORMALMAP pd= ok=1
Cmd: compileSnippet
  api=1 type=1 insize=982 outsize=4067 kw=DIRECTIONAL SHADOWS_OFF LIGHTMAP_OFF DIRLIGHTMAP_OFF DYNAMICLIGHTMAP_OFF _NORMALMAP pd= ok=1
Cmd: compileSnippet
  api=1 type=0 insize=938 outsize=830 kw=DIRECTIONAL SHADOWS_OFF _NORMALMAP pd= ok=1
Cmd: compileSnippet
  api=1 type=1 insize=938 outsize=2304 kw=DIRECTIONAL SHADOWS_OFF _NORMALMAP pd= ok=1
Cmd: compileSnippet
  api=1 type=0 insize=982 outsize=842 kw=DIRECTIONAL SHADOWS_OFF LIGHTMAP_OFF DIRLIGHTMAP_OFF DYNAMICLIGHTMAP_OFF pd= ok=1
Cmd: compileSnippet
  api=1 type=1 insize=982 outsize=3738 kw=DIRECTIONAL SHADOWS_OFF LIGHTMAP_OFF DIRLIGHTMAP_OFF DYNAMICLIGHTMAP_OFF pd= ok=1
Cmd: compileSnippet
  api=1 type=0 insize=938 outsize=830 kw=DIRECTIONAL SHADOWS_OFF pd= ok=1
Cmd: compileSnippet
  api=1 type=1 insize=938 outsize=2070 kw=DIRECTIONAL SHADOWS_OFF pd= ok=1
Cmd: compileSnippet
  api=1 type=0 insize=541 outsize=832 kw=SHADOWS_DEPTH pd= ok=1
Cmd: compileSnippet
  api=1 type=1 insize=541 outsize=61 kw=SHADOWS_DEPTH pd= ok=1
Cmd: compileSnippet
  api=1 type=0 insize=7666 outsize=1028 kw=DIRECTIONAL SHADOWS_OFF LIGHTMAP_OFF DIRLIGHTMAP_OFF DYNAMICLIGHTMAP_OFF pd= ok=1
Cmd: compileSnippet
  api=1 type=1 insize=7666 outsize=974 kw=DIRECTIONAL SHADOWS_OFF LIGHTMAP_OFF DIRLIGHTMAP_OFF DYNAMICLIGHTMAP_OFF pd= ok=1
Cmd: compileSnippet
  api=1 type=0 insize=5061 outsize=841 kw=DIRECTIONAL pd= ok=1
Cmd: compileSnippet
  api=1 type=1 insize=5061 outsize=834 kw=DIRECTIONAL pd= ok=1
Cmd: compileSnippet
  api=1 type=0 insize=6924 outsize=580 kw=DIRECTIONAL SHADOWS_OFF LIGHTMAP_OFF DIRLIGHTMAP_OFF DYNAMICLIGHTMAP_OFF pd= ok=1
Cmd: compileSnippet
  api=1 type=1 insize=6924 outsize=263 kw=DIRECTIONAL SHADOWS_OFF LIGHTMAP_OFF DIRLIGHTMAP_OFF DYNAMICLIGHTMAP_OFF pd= ok=1
Cmd: compileSnippet
  api=1 type=0 insize=3695 outsize=339 kw=DIRECTIONAL pd= ok=1
Cmd: compileSnippet
  api=1 type=1 insize=3695 outsize=223 kw=DIRECTIONAL pd= ok=1
Cmd: compileSnippet
  api=1 type=0 insize=1228 outsize=212 kw= pd= ok=1
Cmd: compileSnippet
  api=1 type=1 insize=1228 outsize=162 kw= pd= ok=1
Cmd: compileSnippet
  api=1 type=0 insize=990 outsize=144 kw= pd= ok=1
Cmd: compileSnippet
  api=1 type=1 insize=990 outsize=103 kw= pd= ok=1
Cmd: compileSnippet
  api=1 type=0 insize=1642 outsize=169 kw=SOFTPARTICLES_OFF pd= ok=1
Cmd: compileSnippet
  api=1 type=1 insize=1642 outsize=115 kw=SOFTPARTICLES_OFF pd= ok=1
Cmd: compileSnippet
  api=1 type=0 insize=1705 outsize=169 kw=SOFTPARTICLES_OFF pd= ok=1
Cmd: compileSnippet
  api=1 type=1 insize=1705 outsize=115 kw=SOFTPARTICLES_OFF pd= ok=1
Cmd: compileSnippet
  api=1 type=0 insize=3980 outsize=339 kw=DIRECTIONAL pd= ok=1
Cmd: compileSnippet
  api=1 type=1 insize=3980 outsize=282 kw=DIRECTIONAL pd= ok=1
Cmd: compileSnippet
  api=1 type=0 insize=2322 outsize=196 kw=_TEX_OFF _COLOR_ON pd= ok=1
Cmd: compileSnippet
  api=1 type=1 insize=2322 outsize=101 kw=_TEX_OFF _COLOR_ON pd= ok=1
Cmd: compileSnippet
  api=1 type=0 insize=751 outsize=879 kw=SHADOWS_DEPTH _ALPHABLEND_ON pd= ok=1
Cmd: compileSnippet
  api=1 type=1 insize=751 outsize=298 kw=SHADOWS_DEPTH _ALPHABLEND_ON pd= ok=1
Cmd: compileSnippet
  api=1 type=0 insize=982 outsize=1073 kw=DIRECTIONAL SHADOWS_OFF LIGHTMAP_OFF DIRLIGHTMAP_OFF DYNAMICLIGHTMAP_OFF _NORMALMAP _ALPHABLEND_ON pd= ok=1
Cmd: compileSnippet
  api=1 type=1 insize=982 outsize=4073 kw=DIRECTIONAL SHADOWS_OFF LIGHTMAP_OFF DIRLIGHTMAP_OFF DYNAMICLIGHTMAP_OFF _NORMALMAP _ALPHABLEND_ON pd= ok=1
Cmd: compileSnippet
  api=1 type=0 insize=938 outsize=830 kw=DIRECTIONAL SHADOWS_OFF _NORMALMAP _ALPHABLEND_ON pd= ok=1
Cmd: compileSnippet
  api=1 type=1 insize=938 outsize=2295 kw=DIRECTIONAL SHADOWS_OFF _NORMALMAP _ALPHABLEND_ON pd= ok=1
Cmd: compileSnippet
  api=1 type=0 insize=966 outsize=169 kw= pd= ok=1
Cmd: compileSnippet
  api=1 type=1 insize=966 outsize=96 kw= pd= ok=1
Cmd: compileSnippet
  api=1 type=0 insize=13030 outsize=4097 kw=UNITY_COLORSPACE_GAMMA _SUNDISK_SIMPLE pd= ok=1
Cmd: compileSnippet
  api=1 type=1 insize=13030 outsize=672 kw=UNITY_COLORSPACE_GAMMA _SUNDISK_SIMPLE pd= ok=1
Cmd: compileSnippet
  api=1 type=0 insize=1275 outsize=441 kw=POINT SHADOWS_OFF pd= ok=1
Cmd: compileSnippet
  api=1 type=1 insize=1275 outsize=1442 kw=POINT SHADOWS_OFF pd= ok=1
Cmd: compileSnippet
  api=1 type=0 insize=1642 outsize=335 kw=SOFTPARTICLES_ON pd= ok=1
Cmd: compileSnippet
  api=1 type=1 insize=1642 outsize=349 kw=SOFTPARTICLES_ON pd= ok=1
Cmd: compileSnippet
  api=1 type=0 insize=1275 outsize=441 kw=DIRECTIONAL SHADOWS_OFF pd= ok=1
Cmd: compileSnippet
  api=1 type=1 insize=1275 outsize=1230 kw=DIRECTIONAL SHADOWS_OFF pd= ok=1
Cmd: compileSnippet
  api=1 type=0 insize=1705 outsize=335 kw=SOFTPARTICLES_ON pd= ok=1
Cmd: compileSnippet
  api=1 type=1 insize=1705 outsize=349 kw=SOFTPARTICLES_ON pd= ok=1
